<?xml version="1.0" encoding="UTF-8"?>
<!-- Generated by org.testng.reporters.JUnitReportReporter -->
<testsuite hostname="EPUAKYIW0243" name="com.epam.tests.MainClass" tests="1" failures="0" timestamp="25 Mar 2014 15:41:17 GMT" time="6.142" errors="0">
  <testcase name="authorisationTest" time="6.142" classname="com.epam.tests.MainClass"/>
</testsuite> <!-- com.epam.tests.MainClass -->
