<?xml version="1.0" encoding="UTF-8"?>
<!-- Generated by org.testng.reporters.JUnitReportReporter -->
<testsuite hostname="EPUAKYIW0243" name="com.epam.tests.MainClass" tests="2" failures="0" timestamp="24 Mar 2014 11:02:24 GMT" time="16.291" errors="0">
  <testcase name="searchHotelIdInPropertiesAdmin" time="8.834" classname="com.epam.tests.MainClass"/>
  <testcase name="mainTest" time="7.457" classname="com.epam.tests.MainClass"/>
</testsuite> <!-- com.epam.tests.MainClass -->
